# JRE version: OpenJDK Runtime Environment (17.0.11) (build 17.0.11+0--11852314)
# Java VM: OpenJDK 64-Bit Server VM (17.0.11+0--11852314, mixed mode, tiered, compressed oops, compressed class ptrs, g1 gc, windows-amd64)
GC Precious Log:
 CPUs: 12 total, 12 available
 Memory: 32653M
 Large Page Support: Disabled
 NUMA Support: Disabled
 Compressed Oops: Enabled (Zero based)
 Heap Region Size: 4M
 Heap Min Capacity: 8M
 Heap Initial Capacity: 512M
 Heap Max Capacity: 6G
 Pre-touch: Disabled
 Parallel Workers: 10
 Concurrent Workers: 3
 Concurrent Refinement Workers: 10
 Periodic GC: Disabled
Heap:
 garbage-first heap   total 1290240K, used 602767K [0x0000000680000000, 0x0000000800000000)
  region size 4096K, 3 young (12288K), 3 survivors (12288K)
 Metaspace       used 168515K, committed 170752K, reserved 1245184K
  class space    used 22187K, committed 23232K, reserved 1048576K
GC Heap History (20 events):
Event: 117.736 GC heap after
{Heap after GC invocations=73 (full 0):
 garbage-first heap   total 753664K, used 366985K [0x0000000680000000, 0x0000000800000000)
  region size 4096K, 2 young (8192K), 2 survivors (8192K)
 Metaspace       used 160055K, committed 162240K, reserved 1245184K
  class space    used 21098K, committed 22080K, reserved 1048576K
}
Event: 118.465 GC heap before
{Heap before GC invocations=73 (full 0):
 garbage-first heap   total 753664K, used 608649K [0x0000000680000000, 0x0000000800000000)
  region size 4096K, 62 young (253952K), 2 survivors (8192K)
 Metaspace       used 160255K, committed 162432K, reserved 1245184K
  class space    used 21103K, committed 22080K, reserved 1048576K
}
Event: 118.476 GC heap after
{Heap after GC invocations=74 (full 0):
 garbage-first heap   total 753664K, used 382241K [0x0000000680000000, 0x0000000800000000)
  region size 4096K, 6 young (24576K), 6 survivors (24576K)
 Metaspace       used 160255K, committed 162432K, reserved 1245184K
  class space    used 21103K, committed 22080K, reserved 1048576K
}
Event: 119.807 GC heap before
{Heap before GC invocations=75 (full 0):
 garbage-first heap   total 753664K, used 611617K [0x0000000680000000, 0x0000000800000000)
  region size 4096K, 63 young (258048K), 6 survivors (24576K)
 Metaspace       used 161282K, committed 163456K, reserved 1245184K
  class space    used 21238K, committed 22208K, reserved 1048576K
}
Event: 119.812 GC heap after
{Heap after GC invocations=76 (full 0):
 garbage-first heap   total 753664K, used 374171K [0x0000000680000000, 0x0000000800000000)
  region size 4096K, 3 young (12288K), 3 survivors (12288K)
 Metaspace       used 161282K, committed 163456K, reserved 1245184K
  class space    used 21238K, committed 22208K, reserved 1048576K
}
Event: 119.828 GC heap before
{Heap before GC invocations=76 (full 0):
 garbage-first heap   total 753664K, used 398747K [0x0000000680000000, 0x0000000800000000)
  region size 4096K, 9 young (36864K), 3 survivors (12288K)
 Metaspace       used 161283K, committed 163456K, reserved 1245184K
  class space    used 21238K, committed 22208K, reserved 1048576K
}
Event: 119.833 GC heap after
{Heap after GC invocations=77 (full 0):
 garbage-first heap   total 753664K, used 341432K [0x0000000680000000, 0x0000000800000000)
  region size 4096K, 2 young (8192K), 2 survivors (8192K)
 Metaspace       used 161283K, committed 163456K, reserved 1245184K
  class space    used 21238K, committed 22208K, reserved 1048576K
}
Event: 120.245 GC heap before
{Heap before GC invocations=77 (full 0):
 garbage-first heap   total 753664K, used 603576K [0x0000000680000000, 0x0000000800000000)
  region size 4096K, 67 young (274432K), 2 survivors (8192K)
 Metaspace       used 161314K, committed 163520K, reserved 1245184K
  class space    used 21238K, committed 22208K, reserved 1048576K
}
Event: 120.253 GC heap after
{Heap after GC invocations=78 (full 0):
 garbage-first heap   total 905216K, used 393411K [0x0000000680000000, 0x0000000800000000)
  region size 4096K, 9 young (36864K), 9 survivors (36864K)
 Metaspace       used 161314K, committed 163520K, reserved 1245184K
  class space    used 21238K, committed 22208K, reserved 1048576K
}
Event: 121.118 GC heap before
{Heap before GC invocations=78 (full 0):
 garbage-first heap   total 905216K, used 696515K [0x0000000680000000, 0x0000000800000000)
  region size 4096K, 84 young (344064K), 9 survivors (36864K)
 Metaspace       used 165961K, committed 168192K, reserved 1245184K
  class space    used 21849K, committed 22848K, reserved 1048576K
}
Event: 121.144 GC heap after
{Heap after GC invocations=79 (full 0):
 garbage-first heap   total 905216K, used 442368K [0x0000000680000000, 0x0000000800000000)
  region size 4096K, 11 young (45056K), 11 survivors (45056K)
 Metaspace       used 165961K, committed 168192K, reserved 1245184K
  class space    used 21849K, committed 22848K, reserved 1048576K
}
Event: 121.316 GC heap before
{Heap before GC invocations=79 (full 0):
 garbage-first heap   total 905216K, used 712704K [0x0000000680000000, 0x0000000800000000)
  region size 4096K, 77 young (315392K), 11 survivors (45056K)
 Metaspace       used 166049K, committed 168320K, reserved 1245184K
  class space    used 21849K, committed 22848K, reserved 1048576K
}
Event: 121.359 GC heap after
{Heap after GC invocations=80 (full 0):
 garbage-first heap   total 905216K, used 499541K [0x0000000680000000, 0x0000000800000000)
  region size 4096K, 10 young (40960K), 10 survivors (40960K)
 Metaspace       used 166049K, committed 168320K, reserved 1245184K
  class space    used 21849K, committed 22848K, reserved 1048576K
}
Event: 121.915 GC heap before
{Heap before GC invocations=81 (full 0):
 garbage-first heap   total 1032192K, used 704341K [0x0000000680000000, 0x0000000800000000)
  region size 4096K, 60 young (245760K), 10 survivors (40960K)
 Metaspace       used 166130K, committed 168384K, reserved 1245184K
  class space    used 21857K, committed 22848K, reserved 1048576K
}
Event: 121.951 GC heap after
{Heap after GC invocations=82 (full 0):
 garbage-first heap   total 1032192K, used 544768K [0x0000000680000000, 0x0000000800000000)
  region size 4096K, 8 young (32768K), 8 survivors (32768K)
 Metaspace       used 166130K, committed 168384K, reserved 1245184K
  class space    used 21857K, committed 22848K, reserved 1048576K
}
Event: 121.994 GC heap before
{Heap before GC invocations=82 (full 0):
 garbage-first heap   total 1032192K, used 557056K [0x0000000680000000, 0x0000000800000000)
  region size 4096K, 12 young (49152K), 8 survivors (32768K)
 Metaspace       used 166130K, committed 168384K, reserved 1245184K
  class space    used 21857K, committed 22848K, reserved 1048576K
}
Event: 122.011 GC heap after
{Heap after GC invocations=83 (full 0):
 garbage-first heap   total 1032192K, used 547379K [0x0000000680000000, 0x0000000800000000)
  region size 4096K, 2 young (8192K), 2 survivors (8192K)
 Metaspace       used 166130K, committed 168384K, reserved 1245184K
  class space    used 21857K, committed 22848K, reserved 1048576K
}
Event: 122.927 GC heap before
{Heap before GC invocations=83 (full 0):
 garbage-first heap   total 1032192K, used 801331K [0x0000000680000000, 0x0000000800000000)
  region size 4096K, 65 young (266240K), 2 survivors (8192K)
 Metaspace       used 167997K, committed 170240K, reserved 1245184K
  class space    used 22137K, committed 23168K, reserved 1048576K
}
Event: 122.948 GC heap after
{Heap after GC invocations=84 (full 0):
 garbage-first heap   total 1032192K, used 589824K [0x0000000680000000, 0x0000000800000000)
  region size 4096K, 9 young (36864K), 9 survivors (36864K)
 Metaspace       used 167997K, committed 170240K, reserved 1245184K
  class space    used 22137K, committed 23168K, reserved 1048576K
}
Event: 123.377 GC heap before
{Heap before GC invocations=84 (full 0):
 garbage-first heap   total 1290240K, used 815104K [0x0000000680000000, 0x0000000800000000)
  region size 4096K, 65 young (266240K), 9 survivors (36864K)
 Metaspace       used 168515K, committed 170752K, reserved 1245184K
  class space    used 22187K, committed 23232K, reserved 1048576K
}

